#
# There is insufficient memory for the Java Runtime Environment to continue.
# Native memory allocation (malloc) failed to allocate 824656 bytes for Chunk::new
# Possible reasons:
#   The system is out of physical RAM or swap space
#   The process is running with CompressedOops enabled, and the Java Heap may be blocking the growth of the native heap
# Possible solutions:
#   Reduce memory load on the system
#   Increase physical memory or swap space
#   Check if swap backing store is full
#   Decrease Java heap size (-Xmx/-Xms)
#   Decrease number of Java threads
#   Decrease Java thread stack sizes (-Xss)
#   Set larger code cache with -XX:ReservedCodeCacheSize=
#   JVM is running with Unscaled Compressed Oops mode in which the Java heap is
#     placed in the first 4GB address space. The Java Heap base address is the
#     maximum limit for the native heap growth. Please use -XX:HeapBaseMinAddress
#     to set the Java Heap base and to place the Java Heap above 4GB virtual address.
# This output file may be truncated or incomplete.
#
#  Out of Memory Error (arena.cpp:184), pid=8116, tid=2824
#
# JRE version: OpenJDK Runtime Environment (20.0+36) (build 20+36-2344)
# Java VM: OpenJDK 64-Bit Server VM (20+36-2344, mixed mode, sharing, tiered, compressed oops, compressed class ptrs, g1 gc, windows-amd64)
# No core dump will be written. Minidumps are not enabled by default on client versions of Windows
#

---------------  S U M M A R Y ------------

Command Line: -javaagent:C:\Program Files\JetBrains\IntelliJ IDEA Community Edition 2022.3.2\lib\idea_rt.jar=53022:C:\Program Files\JetBrains\IntelliJ IDEA Community Edition 2022.3.2\bin -Dfile.encoding=UTF-8 -Dsun.stdout.encoding=UTF-8 -Dsun.stderr.encoding=UTF-8 com.example.booktopia.BooktopiaApplication

Host: Intel(R) Core(TM) i5-9300H CPU @ 2.40GHz, 8 cores, 7G,  Windows 10 , 64 bit Build 19041 (10.0.19041.2546)
Time: Mon May 15 20:03:50 2023 Maroc (heure d64 bit Build 19041 (10.0.19041.2546) elapsed time: 3.188967 seconds (0d 0h 0m 3s)

---------------  T H R E A D  ---------------

Current thread (0x00000193acd4d950):  JavaThread "C2 CompilerThread1" daemon [_thread_in_native, id=2824, stack(0x00000052b0100000,0x00000052b0200000)]


Current CompileTask:
C2:   3189 2679       4       java.lang.invoke.MethodType::makeImpl (109 bytes)

Stack: [0x00000052b0100000,0x00000052b0200000]
Native frames: (J=compiled Java code, j=interpreted, Vv=VM code, C=native code)
V  [jvm.dll+0x6bb95a]
V  [jvm.dll+0x8483aa]
V  [jvm.dll+0x849fa5]
V  [jvm.dll+0x84a6a3]
V  [jvm.dll+0x280b0f]
V  [jvm.dll+0xc2b11]
V  [jvm.dll+0xc2e35]
V  [jvm.dll+0x3bb142]
V  [jvm.dll+0x1e6c43]
V  [jvm.dll+0x24b3ab]
V  [jvm.dll+0x24a651]
V  [jvm.dll+0x1ce491]
V  [jvm.dll+0x259e1b]
V  [jvm.dll+0x2584f0]
V  [jvm.dll+0x3f2895]
V  [jvm.dll+0x7f4906]
V  [jvm.dll+0x6ba5cb]
C  [ucrtbase.dll+0x21bb2]
C  [KERNEL32.DLL+0x17614]
C  [ntdll.dll+0x526a1]


---------------  P R O C E S S  ---------------

Threads class SMR info:
_java_thread_list=0x00000193aceda400, length=16, elements={
0x0000019388c98da0, 0x00000193a75c25d0, 0x00000193a75c33d0, 0x00000193a75c8370,
0x00000193a75cacd0, 0x00000193a75cbc20, 0x00000193a77bdfb0, 0x00000193a75ce8a0,
0x00000193a77d8510, 0x00000193a77bfa40, 0x00000193a77bff90, 0x00000193a77bda60,
0x00000193a77befa0, 0x00000193a77be500, 0x00000193acd4d950, 0x00000193acf601c0
}

Java Threads: ( => current thread )
  0x0000019388c98da0 JavaThread "main" [_thread_blocked, id=3412, stack(0x00000052aec00000,0x00000052aed00000)]
  0x00000193a75c25d0 JavaThread "Reference Handler" daemon [_thread_blocked, id=16252, stack(0x00000052af300000,0x00000052af400000)]
  0x00000193a75c33d0 JavaThread "Finalizer" daemon [_thread_blocked, id=11356, stack(0x00000052af400000,0x00000052af500000)]
  0x00000193a75c8370 JavaThread "Signal Dispatcher" daemon [_thread_blocked, id=15732, stack(0x00000052af500000,0x00000052af600000)]
  0x00000193a75cacd0 JavaThread "Attach Listener" daemon [_thread_blocked, id=16124, stack(0x00000052af600000,0x00000052af700000)]
  0x00000193a75cbc20 JavaThread "Service Thread" daemon [_thread_blocked, id=9976, stack(0x00000052af700000,0x00000052af800000)]
  0x00000193a77bdfb0 JavaThread "Monitor Deflation Thread" daemon [_thread_blocked, id=3652, stack(0x00000052af800000,0x00000052af900000)]
  0x00000193a75ce8a0 JavaThread "C2 CompilerThread0" daemon [_thread_in_native, id=13824, stack(0x00000052af900000,0x00000052afa00000)]
  0x00000193a77d8510 JavaThread "C1 CompilerThread0" daemon [_thread_blocked, id=7956, stack(0x00000052afa00000,0x00000052afb00000)]
  0x00000193a77bfa40 JavaThread "Common-Cleaner" daemon [_thread_blocked, id=16320, stack(0x00000052afb00000,0x00000052afc00000)]
  0x00000193a77bff90 JavaThread "Monitor Ctrl-Break" daemon [_thread_in_native, id=14644, stack(0x00000052afc00000,0x00000052afd00000)]
  0x00000193a77bda60 JavaThread "Notification Thread" daemon [_thread_blocked, id=3808, stack(0x00000052afd00000,0x00000052afe00000)]
  0x00000193a77befa0 JavaThread "Thread-0" [_thread_blocked, id=15912, stack(0x00000052aff00000,0x00000052b0000000)]
  0x00000193a77be500 JavaThread "restartedMain" [_thread_in_Java, id=9660, stack(0x00000052b0000000,0x00000052b0100000)]
=>0x00000193acd4d950 JavaThread "C2 CompilerThread1" daemon [_thread_in_native, id=2824, stack(0x00000052b0100000,0x00000052b0200000)]
  0x00000193acf601c0 JavaThread "C2 CompilerThread2" daemon [_thread_in_native, id=16100, stack(0x00000052b0200000,0x00000052b0300000)]

Other Threads:
  0x00000193a75a5960 VMThread "VM Thread" [stack: 0x00000052af200000,0x00000052af300000] [id=13456]
  0x0000019388c99c90 WatcherThread "VM Periodic Task Thread" [stack: 0x00000052afe00000,0x00000052aff00000] [id=3620]
  0x0000019388cfaf10 WorkerThread "GC Thread#0" [stack: 0x00000052aed00000,0x00000052aee00000] [id=4280]
  0x00000193ac3d38f0 WorkerThread "GC Thread#1" [stack: 0x00000052b0300000,0x00000052b0400000] [id=6688]
  0x00000193ac3d4700 WorkerThread "GC Thread#2" [stack: 0x00000052b0400000,0x00000052b0500000] [id=4620]
  0x00000193ac3d3e90 WorkerThread "GC Thread#3" [stack: 0x00000052b0500000,0x00000052b0600000] [id=5384]
  0x00000193ac3d4f70 WorkerThread "GC Thread#4" [stack: 0x00000052b0600000,0x00000052b0700000] [id=2992]
  0x00000193ac3d4160 WorkerThread "GC Thread#5" [stack: 0x00000052b0700000,0x00000052b0800000] [id=2288]
  0x00000193ac3d5240 WorkerThread "GC Thread#6" [stack: 0x00000052b0800000,0x00000052b0900000] [id=4360]
  0x00000193ac3d4430 WorkerThread "GC Thread#7" [stack: 0x00000052b0900000,0x00000052b0a00000] [id=3712]
  0x0000019388d0bb00 ConcurrentGCThread "G1 Main Marker" [stack: 0x00000052aee00000,0x00000052aef00000] [id=14628]
  0x0000019388d0ccd0 WorkerThread "G1 Conc#0" [stack: 0x00000052aef00000,0x00000052af000000] [id=8768]
  0x00000193a7541b90 ConcurrentGCThread "G1 Refine#0" [stack: 0x00000052af000000,0x00000052af100000] [id=4856]
  0x00000193a7542630 ConcurrentGCThread "G1 Service" [stack: 0x00000052af100000,0x00000052af200000] [id=8600]

Threads with active compile tasks:
C2 CompilerThread0     3224 2782   !   4       jdk.internal.loader.BuiltinClassLoader::loadClassOrNull (143 bytes)
C2 CompilerThread1     3224 2679       4       java.lang.invoke.MethodType::makeImpl (109 bytes)
C2 CompilerThread2     3224 2690       4       java.lang.invoke.MethodType::methodType (69 bytes)

VM state: not at safepoint (normal execution)

VM Mutex/Monitor currently owned by a thread: None

Heap address: 0x0000000082600000, size: 2010 MB, Compressed Oops mode: 32-bit

CDS archive(s) mapped at: [0x0000000800000000-0x0000000800c60000-0x0000000800c60000), size 12976128, SharedBaseAddress: 0x0000000800000000, ArchiveRelocationMode: 0.
Compressed class space mapped at: 0x0000000801000000-0x0000000841000000, reserved size: 1073741824
Narrow klass base: 0x0000000800000000, Narrow klass shift: 0, Narrow klass range: 0x100000000

GC Precious Log:
 CardTable entry size: 512
 Card Set container configuration: InlinePtr #cards 5 size 8 Array Of Cards #cards 12 size 40 Howl #buckets 4 coarsen threshold 1843 Howl Bitmap #cards 512 size 80 coarsen threshold 460 Card regions per heap region 1 cards per card region 2048
 CPUs: 8 total, 8 available
 Memory: 8032M
 Large Page Support: Disabled
 NUMA Support: Disabled
 Compressed Oops: Enabled (32-bit)
 Heap Region Size: 1M
 Heap Min Capacity: 8M
 Heap Initial Capacity: 126M
 Heap Max Capacity: 2010M
 Pre-touch: Disabled
 Parallel Workers: 8
 Concurrent Workers: 2
 Concurrent Refinement Workers: 8
 Periodic GC: Disabled

Heap:
 garbage-first heap   total 129024K, used 41500K [0x0000000082600000, 0x0000000100000000)
  region size 1024K, 36 young (36864K), 3 survivors (3072K)
 Metaspace       used 19328K, committed 19648K, reserved 1114112K
  class space    used 2303K, committed 2496K, reserved 1048576K

Heap Regions: E=young(eden), S=young(survivor), O=old, HS=humongous(starts), HC=humongous(continues), CS=collection set, F=free, OA=open archive, CA=closed archive, TAMS=top-at-mark-start, PB=parsable bottom
|   0|0x0000000082600000, 0x0000000082700000, 0x0000000082700000|100%|HS|  |TAMS 0x0000000082600000| PB 0x0000000082600000| Complete 
|   1|0x0000000082700000, 0x0000000082800000, 0x0000000082800000|100%| O|  |TAMS 0x0000000082700000| PB 0x0000000082700000| Untracked 
|   2|0x0000000082800000, 0x0000000082900000, 0x0000000082900000|100%| O|  |TAMS 0x0000000082800000| PB 0x0000000082800000| Untracked 
|   3|0x0000000082900000, 0x0000000082a00000, 0x0000000082a00000|100%| O|  |TAMS 0x0000000082900000| PB 0x0000000082900000| Untracked 
|   4|0x0000000082a00000, 0x0000000082b00000, 0x0000000082b00000|100%| O|  |TAMS 0x0000000082a00000| PB 0x0000000082a00000| Untracked 
|   5|0x0000000082b00000, 0x0000000082c00000, 0x0000000082c00000|100%| O|  |TAMS 0x0000000082b00000| PB 0x0000000082b00000| Untracked 
|   6|0x0000000082c00000, 0x0000000082ce8c00, 0x0000000082d00000| 90%| O|  |TAMS 0x0000000082c00000| PB 0x0000000082c00000| Untracked 
|   7|0x0000000082d00000, 0x0000000082d00000, 0x0000000082e00000|  0%| F|  |TAMS 0x0000000082d00000| PB 0x0000000082d00000| Untracked 
|   8|0x0000000082e00000, 0x0000000082e00000, 0x0000000082f00000|  0%| F|  |TAMS 0x0000000082e00000| PB 0x0000000082e00000| Untracked 
|   9|0x0000000082f00000, 0x0000000082f00000, 0x0000000083000000|  0%| F|  |TAMS 0x0000000082f00000| PB 0x0000000082f00000| Untracked 
|  10|0x0000000083000000, 0x0000000083000000, 0x0000000083100000|  0%| F|  |TAMS 0x0000000083000000| PB 0x0000000083000000| Untracked 
|  11|0x0000000083100000, 0x0000000083100000, 0x0000000083200000|  0%| F|  |TAMS 0x0000000083100000| PB 0x0000000083100000| Untracked 
|  12|0x0000000083200000, 0x0000000083200000, 0x0000000083300000|  0%| F|  |TAMS 0x0000000083200000| PB 0x0000000083200000| Untracked 
|  13|0x0000000083300000, 0x0000000083300000, 0x0000000083400000|  0%| F|  |TAMS 0x0000000083300000| PB 0x0000000083300000| Untracked 
|  14|0x0000000083400000, 0x0000000083400000, 0x0000000083500000|  0%| F|  |TAMS 0x0000000083400000| PB 0x0000000083400000| Untracked 
|  15|0x0000000083500000, 0x0000000083500000, 0x0000000083600000|  0%| F|  |TAMS 0x0000000083500000| PB 0x0000000083500000| Untracked 
|  16|0x0000000083600000, 0x0000000083600000, 0x0000000083700000|  0%| F|  |TAMS 0x0000000083600000| PB 0x0000000083600000| Untracked 
|  17|0x0000000083700000, 0x0000000083700000, 0x0000000083800000|  0%| F|  |TAMS 0x0000000083700000| PB 0x0000000083700000| Untracked 
|  18|0x0000000083800000, 0x0000000083800000, 0x0000000083900000|  0%| F|  |TAMS 0x0000000083800000| PB 0x0000000083800000| Untracked 
|  19|0x0000000083900000, 0x0000000083900000, 0x0000000083a00000|  0%| F|  |TAMS 0x0000000083900000| PB 0x0000000083900000| Untracked 
|  20|0x0000000083a00000, 0x0000000083a00000, 0x0000000083b00000|  0%| F|  |TAMS 0x0000000083a00000| PB 0x0000000083a00000| Untracked 
|  21|0x0000000083b00000, 0x0000000083b00000, 0x0000000083c00000|  0%| F|  |TAMS 0x0000000083b00000| PB 0x0000000083b00000| Untracked 
|  22|0x0000000083c00000, 0x0000000083c00000, 0x0000000083d00000|  0%| F|  |TAMS 0x0000000083c00000| PB 0x0000000083c00000| Untracked 
|  23|0x0000000083d00000, 0x0000000083d00000, 0x0000000083e00000|  0%| F|  |TAMS 0x0000000083d00000| PB 0x0000000083d00000| Untracked 
|  24|0x0000000083e00000, 0x0000000083e00000, 0x0000000083f00000|  0%| F|  |TAMS 0x0000000083e00000| PB 0x0000000083e00000| Untracked 
|  25|0x0000000083f00000, 0x0000000083f00000, 0x0000000084000000|  0%| F|  |TAMS 0x0000000083f00000| PB 0x0000000083f00000| Untracked 
|  26|0x0000000084000000, 0x0000000084000000, 0x0000000084100000|  0%| F|  |TAMS 0x0000000084000000| PB 0x0000000084000000| Untracked 
|  27|0x0000000084100000, 0x0000000084100000, 0x0000000084200000|  0%| F|  |TAMS 0x0000000084100000| PB 0x0000000084100000| Untracked 
|  28|0x0000000084200000, 0x0000000084200000, 0x0000000084300000|  0%| F|  |TAMS 0x0000000084200000| PB 0x0000000084200000| Untracked 
|  29|0x0000000084300000, 0x0000000084300000, 0x0000000084400000|  0%| F|  |TAMS 0x0000000084300000| PB 0x0000000084300000| Untracked 
|  30|0x0000000084400000, 0x0000000084400000, 0x0000000084500000|  0%| F|  |TAMS 0x0000000084400000| PB 0x0000000084400000| Untracked 
|  31|0x0000000084500000, 0x0000000084500000, 0x0000000084600000|  0%| F|  |TAMS 0x0000000084500000| PB 0x0000000084500000| Untracked 
|  32|0x0000000084600000, 0x0000000084600000, 0x0000000084700000|  0%| F|  |TAMS 0x0000000084600000| PB 0x0000000084600000| Untracked 
|  33|0x0000000084700000, 0x0000000084700000, 0x0000000084800000|  0%| F|  |TAMS 0x0000000084700000| PB 0x0000000084700000| Untracked 
|  34|0x0000000084800000, 0x0000000084800000, 0x0000000084900000|  0%| F|  |TAMS 0x0000000084800000| PB 0x0000000084800000| Untracked 
|  35|0x0000000084900000, 0x0000000084900000, 0x0000000084a00000|  0%| F|  |TAMS 0x0000000084900000| PB 0x0000000084900000| Untracked 
|  36|0x0000000084a00000, 0x0000000084a00000, 0x0000000084b00000|  0%| F|  |TAMS 0x0000000084a00000| PB 0x0000000084a00000| Untracked 
|  37|0x0000000084b00000, 0x0000000084b00000, 0x0000000084c00000|  0%| F|  |TAMS 0x0000000084b00000| PB 0x0000000084b00000| Untracked 
|  38|0x0000000084c00000, 0x0000000084c00000, 0x0000000084d00000|  0%| F|  |TAMS 0x0000000084c00000| PB 0x0000000084c00000| Untracked 
|  39|0x0000000084d00000, 0x0000000084d00000, 0x0000000084e00000|  0%| F|  |TAMS 0x0000000084d00000| PB 0x0000000084d00000| Untracked 
|  40|0x0000000084e00000, 0x0000000084e00000, 0x0000000084f00000|  0%| F|  |TAMS 0x0000000084e00000| PB 0x0000000084e00000| Untracked 
|  41|0x0000000084f00000, 0x0000000084f00000, 0x0000000085000000|  0%| F|  |TAMS 0x0000000084f00000| PB 0x0000000084f00000| Untracked 
|  42|0x0000000085000000, 0x0000000085000000, 0x0000000085100000|  0%| F|  |TAMS 0x0000000085000000| PB 0x0000000085000000| Untracked 
|  43|0x0000000085100000, 0x0000000085100000, 0x0000000085200000|  0%| F|  |TAMS 0x0000000085100000| PB 0x0000000085100000| Untracked 
|  44|0x0000000085200000, 0x0000000085200000, 0x0000000085300000|  0%| F|  |TAMS 0x0000000085200000| PB 0x0000000085200000| Untracked 
|  45|0x0000000085300000, 0x0000000085300000, 0x0000000085400000|  0%| F|  |TAMS 0x0000000085300000| PB 0x0000000085300000| Untracked 
|  46|0x0000000085400000, 0x0000000085400000, 0x0000000085500000|  0%| F|  |TAMS 0x0000000085400000| PB 0x0000000085400000| Untracked 
|  47|0x0000000085500000, 0x0000000085500000, 0x0000000085600000|  0%| F|  |TAMS 0x0000000085500000| PB 0x0000000085500000| Untracked 
|  48|0x0000000085600000, 0x0000000085600000, 0x0000000085700000|  0%| F|  |TAMS 0x0000000085600000| PB 0x0000000085600000| Untracked 
|  49|0x0000000085700000, 0x0000000085700000, 0x0000000085800000|  0%| F|  |TAMS 0x0000000085700000| PB 0x0000000085700000| Untracked 
|  50|0x0000000085800000, 0x0000000085800000, 0x0000000085900000|  0%| F|  |TAMS 0x0000000085800000| PB 0x0000000085800000| Untracked 
|  51|0x0000000085900000, 0x0000000085900000, 0x0000000085a00000|  0%| F|  |TAMS 0x0000000085900000| PB 0x0000000085900000| Untracked 
|  52|0x0000000085a00000, 0x0000000085a00000, 0x0000000085b00000|  0%| F|  |TAMS 0x0000000085a00000| PB 0x0000000085a00000| Untracked 
|  53|0x0000000085b00000, 0x0000000085b00000, 0x0000000085c00000|  0%| F|  |TAMS 0x0000000085b00000| PB 0x0000000085b00000| Untracked 
|  54|0x0000000085c00000, 0x0000000085c00000, 0x0000000085d00000|  0%| F|  |TAMS 0x0000000085c00000| PB 0x0000000085c00000| Untracked 
|  55|0x0000000085d00000, 0x0000000085d00000, 0x0000000085e00000|  0%| F|  |TAMS 0x0000000085d00000| PB 0x0000000085d00000| Untracked 
|  56|0x0000000085e00000, 0x0000000085e00000, 0x0000000085f00000|  0%| F|  |TAMS 0x0000000085e00000| PB 0x0000000085e00000| Untracked 
|  57|0x0000000085f00000, 0x0000000085f00000, 0x0000000086000000|  0%| F|  |TAMS 0x0000000085f00000| PB 0x0000000085f00000| Untracked 
|  58|0x0000000086000000, 0x0000000086000000, 0x0000000086100000|  0%| F|  |TAMS 0x0000000086000000| PB 0x0000000086000000| Untracked 
|  59|0x0000000086100000, 0x0000000086100000, 0x0000000086200000|  0%| F|  |TAMS 0x0000000086100000| PB 0x0000000086100000| Untracked 
|  60|0x0000000086200000, 0x0000000086200000, 0x0000000086300000|  0%| F|  |TAMS 0x0000000086200000| PB 0x0000000086200000| Untracked 
|  61|0x0000000086300000, 0x0000000086300000, 0x0000000086400000|  0%| F|  |TAMS 0x0000000086300000| PB 0x0000000086300000| Untracked 
|  62|0x0000000086400000, 0x0000000086400000, 0x0000000086500000|  0%| F|  |TAMS 0x0000000086400000| PB 0x0000000086400000| Untracked 
|  63|0x0000000086500000, 0x0000000086500000, 0x0000000086600000|  0%| F|  |TAMS 0x0000000086500000| PB 0x0000000086500000| Untracked 
|  64|0x0000000086600000, 0x0000000086600000, 0x0000000086700000|  0%| F|  |TAMS 0x0000000086600000| PB 0x0000000086600000| Untracked 
|  65|0x0000000086700000, 0x0000000086700000, 0x0000000086800000|  0%| F|  |TAMS 0x0000000086700000| PB 0x0000000086700000| Untracked 
|  66|0x0000000086800000, 0x0000000086800000, 0x0000000086900000|  0%| F|  |TAMS 0x0000000086800000| PB 0x0000000086800000| Untracked 
|  67|0x0000000086900000, 0x0000000086900000, 0x0000000086a00000|  0%| F|  |TAMS 0x0000000086900000| PB 0x0000000086900000| Untracked 
|  68|0x0000000086a00000, 0x0000000086a00000, 0x0000000086b00000|  0%| F|  |TAMS 0x0000000086a00000| PB 0x0000000086a00000| Untracked 
|  69|0x0000000086b00000, 0x0000000086b00000, 0x0000000086c00000|  0%| F|  |TAMS 0x0000000086b00000| PB 0x0000000086b00000| Untracked 
|  70|0x0000000086c00000, 0x0000000086c00000, 0x0000000086d00000|  0%| F|  |TAMS 0x0000000086c00000| PB 0x0000000086c00000| Untracked 
|  71|0x0000000086d00000, 0x0000000086d00000, 0x0000000086e00000|  0%| F|  |TAMS 0x0000000086d00000| PB 0x0000000086d00000| Untracked 
|  72|0x0000000086e00000, 0x0000000086e00000, 0x0000000086f00000|  0%| F|  |TAMS 0x0000000086e00000| PB 0x0000000086e00000| Untracked 
|  73|0x0000000086f00000, 0x0000000086f00000, 0x0000000087000000|  0%| F|  |TAMS 0x0000000086f00000| PB 0x0000000086f00000| Untracked 
|  74|0x0000000087000000, 0x0000000087000000, 0x0000000087100000|  0%| F|  |TAMS 0x0000000087000000| PB 0x0000000087000000| Untracked 
|  75|0x0000000087100000, 0x0000000087100000, 0x0000000087200000|  0%| F|  |TAMS 0x0000000087100000| PB 0x0000000087100000| Untracked 
|  76|0x0000000087200000, 0x0000000087200000, 0x0000000087300000|  0%| F|  |TAMS 0x0000000087200000| PB 0x0000000087200000| Untracked 
|  77|0x0000000087300000, 0x0000000087300000, 0x0000000087400000|  0%| F|  |TAMS 0x0000000087300000| PB 0x0000000087300000| Untracked 
|  78|0x0000000087400000, 0x0000000087400000, 0x0000000087500000|  0%| F|  |TAMS 0x0000000087400000| PB 0x0000000087400000| Untracked 
|  79|0x0000000087500000, 0x0000000087500000, 0x0000000087600000|  0%| F|  |TAMS 0x0000000087500000| PB 0x0000000087500000| Untracked 
|  80|0x0000000087600000, 0x0000000087600000, 0x0000000087700000|  0%| F|  |TAMS 0x0000000087600000| PB 0x0000000087600000| Untracked 
|  81|0x0000000087700000, 0x0000000087700000, 0x0000000087800000|  0%| F|  |TAMS 0x0000000087700000| PB 0x0000000087700000| Untracked 
|  82|0x0000000087800000, 0x0000000087800000, 0x0000000087900000|  0%| F|  |TAMS 0x0000000087800000| PB 0x0000000087800000| Untracked 
|  83|0x0000000087900000, 0x0000000087900000, 0x0000000087a00000|  0%| F|  |TAMS 0x0000000087900000| PB 0x0000000087900000| Untracked 
|  84|0x0000000087a00000, 0x0000000087a00000, 0x0000000087b00000|  0%| F|  |TAMS 0x0000000087a00000| PB 0x0000000087a00000| Untracked 
|  85|0x0000000087b00000, 0x0000000087b00000, 0x0000000087c00000|  0%| F|  |TAMS 0x0000000087b00000| PB 0x0000000087b00000| Untracked 
|  86|0x0000000087c00000, 0x0000000087c00000, 0x0000000087d00000|  0%| F|  |TAMS 0x0000000087c00000| PB 0x0000000087c00000| Untracked 
|  87|0x0000000087d00000, 0x0000000087d00000, 0x0000000087e00000|  0%| F|  |TAMS 0x0000000087d00000| PB 0x0000000087d00000| Untracked 
|  88|0x0000000087e00000, 0x0000000087e00000, 0x0000000087f00000|  0%| F|  |TAMS 0x0000000087e00000| PB 0x0000000087e00000| Untracked 
|  89|0x0000000087f00000, 0x0000000087f00000, 0x0000000088000000|  0%| F|  |TAMS 0x0000000087f00000| PB 0x0000000087f00000| Untracked 
|  90|0x0000000088000000, 0x0000000088056760, 0x0000000088100000| 33%| E|  |TAMS 0x0000000088000000| PB 0x0000000088000000| Complete 
|  91|0x0000000088100000, 0x000000008819e588, 0x0000000088200000| 61%| S|CS|TAMS 0x0000000088100000| PB 0x0000000088100000| Complete 
|  92|0x0000000088200000, 0x0000000088300000, 0x0000000088300000|100%| S|CS|TAMS 0x0000000088200000| PB 0x0000000088200000| Complete 
|  93|0x0000000088300000, 0x0000000088400000, 0x0000000088400000|100%| S|CS|TAMS 0x0000000088300000| PB 0x0000000088300000| Complete 
|  94|0x0000000088400000, 0x0000000088500000, 0x0000000088500000|100%| E|CS|TAMS 0x0000000088400000| PB 0x0000000088400000| Complete 
|  95|0x0000000088500000, 0x0000000088600000, 0x0000000088600000|100%| E|CS|TAMS 0x0000000088500000| PB 0x0000000088500000| Complete 
|  96|0x0000000088600000, 0x0000000088700000, 0x0000000088700000|100%| E|CS|TAMS 0x0000000088600000| PB 0x0000000088600000| Complete 
|  97|0x0000000088700000, 0x0000000088800000, 0x0000000088800000|100%| E|CS|TAMS 0x0000000088700000| PB 0x0000000088700000| Complete 
|  98|0x0000000088800000, 0x0000000088900000, 0x0000000088900000|100%| E|CS|TAMS 0x0000000088800000| PB 0x0000000088800000| Complete 
|  99|0x0000000088900000, 0x0000000088a00000, 0x0000000088a00000|100%| E|CS|TAMS 0x0000000088900000| PB 0x0000000088900000| Complete 
| 100|0x0000000088a00000, 0x0000000088b00000, 0x0000000088b00000|100%| E|CS|TAMS 0x0000000088a00000| PB 0x0000000088a00000| Complete 
| 101|0x0000000088b00000, 0x0000000088c00000, 0x0000000088c00000|100%| E|CS|TAMS 0x0000000088b00000| PB 0x0000000088b00000| Complete 
| 102|0x0000000088c00000, 0x0000000088d00000, 0x0000000088d00000|100%| E|CS|TAMS 0x0000000088c00000| PB 0x0000000088c00000| Complete 
| 103|0x0000000088d00000, 0x0000000088e00000, 0x0000000088e00000|100%| E|CS|TAMS 0x0000000088d00000| PB 0x0000000088d00000| Complete 
| 104|0x0000000088e00000, 0x0000000088f00000, 0x0000000088f00000|100%| E|CS|TAMS 0x0000000088e00000| PB 0x0000000088e00000| Complete 
| 105|0x0000000088f00000, 0x0000000089000000, 0x0000000089000000|100%| E|CS|TAMS 0x0000000088f00000| PB 0x0000000088f00000| Complete 
| 106|0x0000000089000000, 0x0000000089100000, 0x0000000089100000|100%| E|CS|TAMS 0x0000000089000000| PB 0x0000000089000000| Complete 
| 107|0x0000000089100000, 0x0000000089200000, 0x0000000089200000|100%| E|CS|TAMS 0x0000000089100000| PB 0x0000000089100000| Complete 
| 108|0x0000000089200000, 0x0000000089300000, 0x0000000089300000|100%| E|CS|TAMS 0x0000000089200000| PB 0x0000000089200000| Complete 
| 109|0x0000000089300000, 0x0000000089400000, 0x0000000089400000|100%| E|CS|TAMS 0x0000000089300000| PB 0x0000000089300000| Complete 
| 110|0x0000000089400000, 0x0000000089500000, 0x0000000089500000|100%| E|CS|TAMS 0x0000000089400000| PB 0x0000000089400000| Complete 
| 111|0x0000000089500000, 0x0000000089600000, 0x0000000089600000|100%| E|CS|TAMS 0x0000000089500000| PB 0x0000000089500000| Complete 
| 112|0x0000000089600000, 0x0000000089700000, 0x0000000089700000|100%| E|CS|TAMS 0x0000000089600000| PB 0x0000000089600000| Complete 
| 113|0x0000000089700000, 0x0000000089800000, 0x0000000089800000|100%| E|CS|TAMS 0x0000000089700000| PB 0x0000000089700000| Complete 
| 114|0x0000000089800000, 0x0000000089900000, 0x0000000089900000|100%| E|CS|TAMS 0x0000000089800000| PB 0x0000000089800000| Complete 
| 115|0x0000000089900000, 0x0000000089a00000, 0x0000000089a00000|100%| E|  |TAMS 0x0000000089900000| PB 0x0000000089900000| Complete 
| 116|0x0000000089a00000, 0x0000000089b00000, 0x0000000089b00000|100%| E|CS|TAMS 0x0000000089a00000| PB 0x0000000089a00000| Complete 
| 117|0x0000000089b00000, 0x0000000089c00000, 0x0000000089c00000|100%| E|CS|TAMS 0x0000000089b00000| PB 0x0000000089b00000| Complete 
| 118|0x0000000089c00000, 0x0000000089d00000, 0x0000000089d00000|100%| E|CS|TAMS 0x0000000089c00000| PB 0x0000000089c00000| Complete 
| 119|0x0000000089d00000, 0x0000000089e00000, 0x0000000089e00000|100%| E|CS|TAMS 0x0000000089d00000| PB 0x0000000089d00000| Complete 
| 120|0x0000000089e00000, 0x0000000089f00000, 0x0000000089f00000|100%| E|CS|TAMS 0x0000000089e00000| PB 0x0000000089e00000| Complete 
| 121|0x0000000089f00000, 0x000000008a000000, 0x000000008a000000|100%| E|CS|TAMS 0x0000000089f00000| PB 0x0000000089f00000| Complete 
| 122|0x000000008a000000, 0x000000008a100000, 0x000000008a100000|100%| E|CS|TAMS 0x000000008a000000| PB 0x000000008a000000| Complete 
| 123|0x000000008a100000, 0x000000008a200000, 0x000000008a200000|100%| E|CS|TAMS 0x000000008a100000| PB 0x000000008a100000| Complete 
| 124|0x000000008a200000, 0x000000008a300000, 0x000000008a300000|100%| E|CS|TAMS 0x000000008a200000| PB 0x000000008a200000| Complete 
| 125|0x000000008a300000, 0x000000008a400000, 0x000000008a400000|100%| E|CS|TAMS 0x000000008a300000| PB 0x000000008a300000| Complete 

Card table byte_map: [0x00000193a2580000,0x00000193a2970000] _byte_map_base: 0x00000193a216d000

Marking Bits: (CMBitMap*) 0x0000019388cfb540
 Bits: [0x00000193a2d60000, 0x00000193a4cc8000)

Polling page: 0x000001938a6b0000

Metaspace:

Usage:
  Non-class:     16.64 MB used.
      Class:      2.25 MB used.
       Both:     18.89 MB used.

Virtual space:
  Non-class space:       64.00 MB reserved,      16.81 MB ( 26%) committed,  1 nodes.
      Class space:        1.00 GB reserved,       2.44 MB ( <1%) committed,  1 nodes.
             Both:        1.06 GB reserved,      19.25 MB (  2%) committed. 

Chunk freelists:
   Non-Class:  2.92 MB
       Class:  1.61 MB
        Both:  4.53 MB

MaxMetaspaceSize: unlimited
CompressedClassSpaceSize: 1.00 GB
Initial GC threshold: 21.00 MB
Current GC threshold: 21.00 MB
CDS: on
MetaspaceReclaimPolicy: balanced
 - commit_granule_bytes: 65536.
 - commit_granule_words: 8192.
 - virtual_space_node_default_size: 8388608.
 - enlarge_chunks_in_place: 1.
 - new_chunks_are_fully_committed: 0.
 - uncommit_free_chunks: 1.
 - use_allocation_guard: 0.


Internal statistics:

num_allocs_failed_limit: 0.
num_arena_births: 258.
num_arena_deaths: 0.
num_vsnodes_births: 2.
num_vsnodes_deaths: 0.
num_space_committed: 308.
num_space_uncommitted: 0.
num_chunks_returned_to_freelist: 0.
num_chunks_taken_from_freelist: 911.
num_chunk_merges: 0.
num_chunk_splits: 616.
num_chunks_enlarged: 475.
num_inconsistent_stats: 0.

CodeHeap 'non-profiled nmethods': size=120000Kb used=1105Kb max_used=1105Kb free=118894Kb
 bounds [0x000001939a200000, 0x000001939a470000, 0x00000193a1730000]
CodeHeap 'profiled nmethods': size=120000Kb used=5749Kb max_used=5749Kb free=114250Kb
 bounds [0x0000019392730000, 0x0000019392cd0000, 0x0000019399c60000]
CodeHeap 'non-nmethods': size=5760Kb used=1468Kb max_used=1513Kb free=4291Kb
 bounds [0x0000019399c60000, 0x0000019399ed0000, 0x000001939a200000]
 total_blobs=3390 nmethods=2892 adapters=408
 compilation: enabled
              stopped_count=0, restarted_count=0
 full_count=0

Compilation events (20 events):
Event: 3.177 Thread 0x00000193a77d8510 nmethod 2827 0x0000019392cb0010 code [0x0000019392cb01c0, 0x0000019392cb0558]
Event: 3.177 Thread 0x00000193a77d8510 2834       3       java.util.stream.ReduceOps::makeRef (42 bytes)
Event: 3.177 Thread 0x00000193a77d8510 nmethod 2834 0x0000019392cb0690 code [0x0000019392cb0880, 0x0000019392cb1048]
Event: 3.177 Thread 0x00000193a77d8510 2828       3       java.util.stream.ReduceOps$3::getOpFlags (28 bytes)
Event: 3.177 Thread 0x00000193a77d8510 nmethod 2828 0x0000019392cb1310 code [0x0000019392cb14c0, 0x0000019392cb1770]
Event: 3.177 Thread 0x00000193a77d8510 2829       3       java.util.stream.ReduceOps$3::makeSink (5 bytes)
Event: 3.177 Thread 0x00000193a77d8510 nmethod 2829 0x0000019392cb1890 code [0x0000019392cb1a20, 0x0000019392cb1b60]
Event: 3.177 Thread 0x00000193a77d8510 2830       3       java.util.stream.ReduceOps$3::makeSink (20 bytes)
Event: 3.178 Thread 0x00000193a77d8510 nmethod 2830 0x0000019392cb1c10 code [0x0000019392cb1dc0, 0x0000019392cb2168]
Event: 3.178 Thread 0x00000193a77d8510 2831       3       java.util.stream.ReduceOps$3ReducingSink::<init> (20 bytes)
Event: 3.178 Thread 0x00000193a77d8510 nmethod 2831 0x0000019392cb2290 code [0x0000019392cb2420, 0x0000019392cb2700]
Event: 3.178 Thread 0x00000193a77d8510 2832       3       java.util.stream.ReduceOps$Box::<init> (5 bytes)
Event: 3.178 Thread 0x00000193a77d8510 nmethod 2832 0x0000019392cb2810 code [0x0000019392cb29a0, 0x0000019392cb2b08]
Event: 3.178 Thread 0x00000193a77d8510 2833       3       java.util.stream.ReduceOps$3ReducingSink::begin (14 bytes)
Event: 3.178 Thread 0x00000193a77d8510 nmethod 2833 0x0000019392cb2c10 code [0x0000019392cb2da0, 0x0000019392cb2fc8]
Event: 3.179 Thread 0x00000193a77d8510 2836       3       org.springframework.context.annotation.ConditionEvaluator::shouldSkip (256 bytes)
Event: 3.181 Thread 0x00000193a77d8510 nmethod 2836 0x0000019392cb3090 code [0x0000019392cb3480, 0x0000019392cb5460]
Event: 3.181 Thread 0x00000193a77d8510 2837       3       jdk.internal.loader.BuiltinClassLoader::definePackage (277 bytes)
Event: 3.185 Thread 0x00000193a77d8510 nmethod 2837 0x0000019392cb5d90 code [0x0000019392cb6420, 0x0000019392cba4e8]
Event: 3.186 Thread 0x00000193a77d8510 2841       3       jdk.internal.org.objectweb.asm.Frame::addInitializedType (77 bytes)

GC Heap History (4 events):
Event: 1.455 GC heap before
{Heap before GC invocations=0 (full 0):
 garbage-first heap   total 129024K, used 23552K [0x0000000082600000, 0x0000000100000000)
  region size 1024K, 23 young (23552K), 0 survivors (0K)
 Metaspace       used 5989K, committed 6208K, reserved 1114112K
  class space    used 672K, committed 768K, reserved 1048576K
}
Event: 1.460 GC heap after
{Heap after GC invocations=1 (full 0):
 garbage-first heap   total 129024K, used 7221K [0x0000000082600000, 0x0000000100000000)
  region size 1024K, 3 young (3072K), 3 survivors (3072K)
 Metaspace       used 5989K, committed 6208K, reserved 1114112K
  class space    used 672K, committed 768K, reserved 1048576K
}
Event: 2.039 GC heap before
{Heap before GC invocations=1 (full 0):
 garbage-first heap   total 129024K, used 35893K [0x0000000082600000, 0x0000000100000000)
  region size 1024K, 32 young (32768K), 3 survivors (3072K)
 Metaspace       used 14078K, committed 14336K, reserved 1114112K
  class space    used 1658K, committed 1792K, reserved 1048576K
}
Event: 2.043 GC heap after
{Heap after GC invocations=2 (full 0):
 garbage-first heap   total 129024K, used 9756K [0x0000000082600000, 0x0000000100000000)
  region size 1024K, 3 young (3072K), 3 survivors (3072K)
 Metaspace       used 14078K, committed 14336K, reserved 1114112K
  class space    used 1658K, committed 1792K, reserved 1048576K
}

Dll operation events (13 events):
Event: 0.011 Loaded shared library C:\Users\PC\.jdks\openjdk-20\bin\java.dll
Event: 0.022 Loaded shared library C:\Users\PC\.jdks\openjdk-20\bin\jsvml.dll
Event: 0.126 Loaded shared library C:\Users\PC\.jdks\openjdk-20\bin\zip.dll
Event: 0.129 Loaded shared library C:\Users\PC\.jdks\openjdk-20\bin\instrument.dll
Event: 0.136 Loaded shared library C:\Users\PC\.jdks\openjdk-20\bin\net.dll
Event: 0.138 Loaded shared library C:\Users\PC\.jdks\openjdk-20\bin\nio.dll
Event: 0.142 Loaded shared library C:\Users\PC\.jdks\openjdk-20\bin\zip.dll
Event: 0.806 Loaded shared library C:\Program Files\JetBrains\IntelliJ IDEA Community Edition 2022.3.2\bin\breakgen64.dll
Event: 0.816 Loaded shared library C:\Users\PC\.jdks\openjdk-20\bin\extnet.dll
Event: 0.862 Loaded shared library C:\Users\PC\.jdks\openjdk-20\bin\jimage.dll
Event: 1.213 Loaded shared library C:\Users\PC\.jdks\openjdk-20\bin\management.dll
Event: 1.216 Loaded shared library C:\Users\PC\.jdks\openjdk-20\bin\management_ext.dll
Event: 1.855 Loaded shared library C:\Users\PC\.jdks\openjdk-20\bin\verify.dll

Deoptimization events (20 events):
Event: 2.835 Thread 0x00000193a77be500 DEOPT PACKING pc=0x0000019392775a31 sp=0x00000052b00fda70
Event: 2.835 Thread 0x00000193a77be500 DEOPT UNPACKING pc=0x0000019399cca4c2 sp=0x00000052b00fcf70 mode 0
Event: 2.891 Thread 0x00000193a77be500 DEOPT PACKING pc=0x0000019392775a31 sp=0x00000052b00fd600
Event: 2.891 Thread 0x00000193a77be500 DEOPT UNPACKING pc=0x0000019399cca4c2 sp=0x00000052b00fcb00 mode 0
Event: 2.969 Thread 0x00000193a77be500 Uncommon trap: trap_request=0xffffffde fr.pc=0x000001939a20cc38 relative=0x00000000000001b8
Event: 2.969 Thread 0x00000193a77be500 Uncommon trap: reason=class_check action=maybe_recompile pc=0x000001939a20cc38 method=java.lang.String.equals(Ljava/lang/Object;)Z @ 8 c2
Event: 2.969 Thread 0x00000193a77be500 DEOPT PACKING pc=0x000001939a20cc38 sp=0x00000052b00fe270
Event: 2.969 Thread 0x00000193a77be500 DEOPT UNPACKING pc=0x0000019399cc9d22 sp=0x00000052b00fe1f8 mode 2
Event: 2.969 Thread 0x00000193a77be500 Uncommon trap: trap_request=0xffffffde fr.pc=0x000001939a20cc38 relative=0x00000000000001b8
Event: 2.969 Thread 0x00000193a77be500 Uncommon trap: reason=class_check action=maybe_recompile pc=0x000001939a20cc38 method=java.lang.String.equals(Ljava/lang/Object;)Z @ 8 c2
Event: 2.969 Thread 0x00000193a77be500 DEOPT PACKING pc=0x000001939a20cc38 sp=0x00000052b00fe270
Event: 2.969 Thread 0x00000193a77be500 DEOPT UNPACKING pc=0x0000019399cc9d22 sp=0x00000052b00fe1f8 mode 2
Event: 2.969 Thread 0x00000193a77be500 Uncommon trap: trap_request=0xffffffde fr.pc=0x000001939a20cc38 relative=0x00000000000001b8
Event: 2.969 Thread 0x00000193a77be500 Uncommon trap: reason=class_check action=maybe_recompile pc=0x000001939a20cc38 method=java.lang.String.equals(Ljava/lang/Object;)Z @ 8 c2
Event: 2.969 Thread 0x00000193a77be500 DEOPT PACKING pc=0x000001939a20cc38 sp=0x00000052b00fe270
Event: 2.969 Thread 0x00000193a77be500 DEOPT UNPACKING pc=0x0000019399cc9d22 sp=0x00000052b00fe1f8 mode 2
Event: 2.970 Thread 0x00000193a77be500 Uncommon trap: trap_request=0xffffffde fr.pc=0x000001939a20cc38 relative=0x00000000000001b8
Event: 2.971 Thread 0x00000193a77be500 Uncommon trap: reason=class_check action=maybe_recompile pc=0x000001939a20cc38 method=java.lang.String.equals(Ljava/lang/Object;)Z @ 8 c2
Event: 2.971 Thread 0x00000193a77be500 DEOPT PACKING pc=0x000001939a20cc38 sp=0x00000052b00fdf40
Event: 2.971 Thread 0x00000193a77be500 DEOPT UNPACKING pc=0x0000019399cc9d22 sp=0x00000052b00fdec8 mode 2

Classes loaded (20 events):
Event: 2.088 Loading class java/util/StringTokenizer
Event: 2.089 Loading class java/util/StringTokenizer done
Event: 2.089 Loading class java/util/regex/Pattern$LazyLoop
Event: 2.089 Loading class java/util/regex/Pattern$Loop
Event: 2.090 Loading class java/util/regex/Pattern$Loop done
Event: 2.090 Loading class java/util/regex/Pattern$LazyLoop done
Event: 2.090 Loading class java/util/regex/Pattern$Prolog
Event: 2.090 Loading class java/util/regex/Pattern$Prolog done
Event: 2.101 Loading class java/lang/AssertionError
Event: 2.101 Loading class java/lang/AssertionError done
Event: 2.112 Loading class java/util/regex/Pattern$Pos
Event: 2.112 Loading class java/util/regex/Pattern$Pos done
Event: 2.446 Loading class javax/naming/ldap/LdapContext
Event: 2.446 Loading class javax/naming/directory/DirContext
Event: 2.447 Loading class javax/naming/directory/DirContext done
Event: 2.447 Loading class javax/naming/ldap/LdapContext done
Event: 2.659 Loading class java/nio/charset/CharacterCodingException
Event: 2.659 Loading class java/nio/charset/CharacterCodingException done
Event: 2.777 Loading class java/beans/PropertyVetoException
Event: 2.777 Loading class java/beans/PropertyVetoException done

Classes unloaded (0 events):
No events

Classes redefined (0 events):
No events

Internal exceptions (20 events):
Event: 1.707 Thread 0x00000193a77be500 Exception <a 'java/lang/NoSuchMethodError'{0x0000000089b8fc10}: 'java.lang.Object java.lang.invoke.DirectMethodHandle$Holder.invokeStatic(java.lang.Object, long, java.lang.Object)'> (0x0000000089b8fc10) 
thrown [s\open\src\hotspot\share\interpreter\linkResolver.cpp, line 773]
Event: 1.708 Thread 0x00000193a77be500 Exception <a 'java/lang/NoSuchMethodError'{0x0000000089b93268}: 'java.lang.Object java.lang.invoke.DirectMethodHandle$Holder.invokeStaticInit(java.lang.Object, long, java.lang.Object)'> (0x0000000089b93268) 
thrown [s\open\src\hotspot\share\interpreter\linkResolver.cpp, line 773]
Event: 1.708 Thread 0x00000193a77be500 Exception <a 'java/lang/NoSuchMethodError'{0x0000000089b98f90}: 'java.lang.Object java.lang.invoke.DirectMethodHandle$Holder.newInvokeSpecial(java.lang.Object, long)'> (0x0000000089b98f90) 
thrown [s\open\src\hotspot\share\interpreter\linkResolver.cpp, line 773]
Event: 1.721 Thread 0x00000193a77be500 Exception <a 'java/lang/NoSuchMethodError'{0x0000000089bd86c0}: 'void java.lang.invoke.DirectMethodHandle$Holder.invokeVirtual(java.lang.Object, java.lang.Object, java.lang.Object, java.lang.Object)'> (0x0000000089bd86c0) 
thrown [s\open\src\hotspot\share\interpreter\linkResolver.cpp, line 773]
Event: 1.757 Thread 0x00000193a77be500 Exception <a 'java/lang/NoSuchMethodError'{0x0000000089afb988}: 'void java.lang.invoke.DirectMethodHandle$Holder.invokeSpecial(java.lang.Object, java.lang.Object, java.lang.Object, java.lang.Object, java.lang.Object)'> (0x0000000089afb988) 
thrown [s\open\src\hotspot\share\interpreter\linkResolver.cpp, line 773]
Event: 1.763 Thread 0x00000193a77bd510 Exception <a 'java/lang/NoClassDefFoundError'{0x000000008994f458}: jakarta/validation/Validation> (0x000000008994f458) 
thrown [s\open\src\hotspot\share\classfile\systemDictionary.cpp, line 294]
Event: 1.764 Thread 0x00000193a77be500 Exception <a 'java/lang/IncompatibleClassChangeError'{0x0000000089929ea0}: Found class java.lang.Object, but interface was expected> (0x0000000089929ea0) 
thrown [s\open\src\hotspot\share\interpreter\linkResolver.cpp, line 840]
Event: 1.771 Thread 0x00000193a77be500 Exception <a 'java/lang/NoSuchMethodError'{0x000000008998ecc8}: 'java.lang.Object java.lang.invoke.DirectMethodHandle$Holder.invokeStatic(java.lang.Object, int, java.lang.Object)'> (0x000000008998ecc8) 
thrown [s\open\src\hotspot\share\interpreter\linkResolver.cpp, line 773]
Event: 1.771 Thread 0x00000193a77be500 Exception <a 'java/lang/NoSuchMethodError'{0x0000000089992318}: 'java.lang.Object java.lang.invoke.DirectMethodHandle$Holder.invokeStaticInit(java.lang.Object, int, java.lang.Object)'> (0x0000000089992318) 
thrown [s\open\src\hotspot\share\interpreter\linkResolver.cpp, line 773]
Event: 1.890 Thread 0x00000193a77be500 Exception <a 'java/lang/NoSuchMethodError'{0x0000000089065440}: 'int java.lang.invoke.Invokers$Holder.invokeExact_MT(java.lang.Object, java.lang.Object)'> (0x0000000089065440) 
thrown [s\open\src\hotspot\share\interpreter\linkResolver.cpp, line 773]
Event: 2.084 Thread 0x00000193a77be500 Exception <a 'java/lang/NoSuchMethodError'{0x000000008a0d10b8}: 'int java.lang.invoke.DirectMethodHandle$Holder.invokeSpecial(java.lang.Object, java.lang.Object, java.lang.Object, java.lang.Object, java.lang.Object)'> (0x000000008a0d10b8) 
thrown [s\open\src\hotspot\share\interpreter\linkResolver.cpp, line 773]
Event: 2.086 Thread 0x00000193a77be500 Exception <a 'java/lang/NoSuchMethodError'{0x000000008a0d9b28}: 'void java.lang.invoke.DirectMethodHandle$Holder.invokeVirtual(java.lang.Object, java.lang.Object)'> (0x000000008a0d9b28) 
thrown [s\open\src\hotspot\share\interpreter\linkResolver.cpp, line 773]
Event: 2.123 Thread 0x00000193a77bd510 Exception <a 'java/lang/NoSuchMethodError'{0x0000000089d567f0}: 'long java.lang.invoke.DirectMethodHandle$Holder.invokeSpecial(java.lang.Object, java.lang.Object)'> (0x0000000089d567f0) 
thrown [s\open\src\hotspot\share\interpreter\linkResolver.cpp, line 773]
Event: 2.125 Thread 0x00000193a77bd510 Exception <a 'java/lang/NoSuchMethodError'{0x0000000089d618e0}: 'long java.lang.invoke.DirectMethodHandle$Holder.invokeStatic(java.lang.Object, java.lang.Object)'> (0x0000000089d618e0) 
thrown [s\open\src\hotspot\share\interpreter\linkResolver.cpp, line 773]
Event: 2.126 Thread 0x00000193a77bd510 Exception <a 'java/lang/NoSuchMethodError'{0x0000000089d64c48}: 'long java.lang.invoke.DirectMethodHandle$Holder.invokeStaticInit(java.lang.Object, java.lang.Object)'> (0x0000000089d64c48) 
thrown [s\open\src\hotspot\share\interpreter\linkResolver.cpp, line 773]
Event: 2.128 Thread 0x00000193a77bd510 Exception <a 'java/lang/NoSuchMethodError'{0x0000000089d728a8}: 'long java.lang.invoke.DirectMethodHandle$Holder.invokeInterface(java.lang.Object, java.lang.Object)'> (0x0000000089d728a8) 
thrown [s\open\src\hotspot\share\interpreter\linkResolver.cpp, line 773]
Event: 2.129 Thread 0x00000193a77bd510 Exception <a 'java/lang/IncompatibleClassChangeError'{0x0000000089d75b58}: Found class java.lang.Object, but interface was expected> (0x0000000089d75b58) 
thrown [s\open\src\hotspot\share\interpreter\linkResolver.cpp, line 840]
Event: 2.150 Thread 0x00000193a77bd510 Exception <a 'java/lang/NoSuchMethodError'{0x0000000089c2d900}: 'java.lang.Object java.lang.invoke.DirectMethodHandle$Holder.invokeVirtual(java.lang.Object, java.lang.Object, java.lang.Object, java.lang.Object)'> (0x0000000089c2d900) 
thrown [s\open\src\hotspot\share\interpreter\linkResolver.cpp, line 773]
Event: 2.521 Thread 0x00000193a77be500 Exception <a 'java/lang/IncompatibleClassChangeError'{0x0000000089777df8}: Found class java.lang.Object, but interface was expected> (0x0000000089777df8) 
thrown [s\open\src\hotspot\share\interpreter\linkResolver.cpp, line 840]
Event: 2.560 Thread 0x00000193a77be500 Exception <a 'java/lang/NoSuchMethodError'{0x00000000896ab230}: 'void java.lang.invoke.DirectMethodHandle$Holder.invokeInterface(java.lang.Object, java.lang.Object, java.lang.Object, java.lang.Object)'> (0x00000000896ab230) 
thrown [s\open\src\hotspot\share\interpreter\linkResolver.cpp, line 773]

VM Operations (20 events):
Event: 1.752 Executing VM operation: HandshakeAllThreads
Event: 1.752 Executing VM operation: HandshakeAllThreads done
Event: 1.755 Executing VM operation: HandshakeAllThreads
Event: 1.755 Executing VM operation: HandshakeAllThreads done
Event: 1.755 Executing VM operation: HandshakeAllThreads
Event: 1.755 Executing VM operation: HandshakeAllThreads done
Event: 1.929 Executing VM operation: HandshakeAllThreads
Event: 1.930 Executing VM operation: HandshakeAllThreads done
Event: 1.997 Executing VM operation: ICBufferFull
Event: 1.997 Executing VM operation: ICBufferFull done
Event: 2.005 Executing VM operation: HandshakeAllThreads
Event: 2.005 Executing VM operation: HandshakeAllThreads done
Event: 2.039 Executing VM operation: G1CollectForAllocation
Event: 2.044 Executing VM operation: G1CollectForAllocation done
Event: 2.068 Executing VM operation: HandshakeAllThreads
Event: 2.068 Executing VM operation: HandshakeAllThreads done
Event: 2.742 Executing VM operation: ICBufferFull
Event: 2.742 Executing VM operation: ICBufferFull done
Event: 3.122 Executing VM operation: ICBufferFull
Event: 3.122 Executing VM operation: ICBufferFull done

Events (20 events):
Event: 0.038 Thread 0x00000193a77d8510 Thread added: 0x00000193a77d8510
Event: 0.106 Thread 0x00000193a77bfa40 Thread added: 0x00000193a77bfa40
Event: 0.204 Thread 0x00000193abd08d90 Thread added: 0x00000193abd08d90
Event: 0.612 Thread 0x00000193abd08d90 Thread exited: 0x00000193abd08d90
Event: 0.806 Thread 0x00000193a77bff90 Thread added: 0x00000193a77bff90
Event: 0.807 Thread 0x00000193a77bda60 Thread added: 0x00000193a77bda60
Event: 0.916 Thread 0x00000193ac0f95a0 Thread added: 0x00000193ac0f95a0
Event: 1.156 Thread 0x00000193ac0f95a0 Thread exited: 0x00000193ac0f95a0
Event: 1.299 Thread 0x00000193a77befa0 Thread added: 0x00000193a77befa0
Event: 1.307 Thread 0x00000193a77be500 Thread added: 0x00000193a77be500
Event: 1.314 Thread 0x00000193ac375320 Thread added: 0x00000193ac375320
Event: 1.342 Thread 0x00000193ac8f38f0 Thread added: 0x00000193ac8f38f0
Event: 1.760 Thread 0x00000193a77bd510 Thread added: 0x00000193a77bd510
Event: 2.153 Thread 0x00000193a77bd510 Thread exited: 0x00000193a77bd510
Event: 2.261 Thread 0x00000193ac8f38f0 Thread exited: 0x00000193ac8f38f0
Event: 2.340 Thread 0x00000193ac375320 Thread exited: 0x00000193ac375320
Event: 2.417 Thread 0x00000193a77bd510 Thread added: 0x00000193a77bd510
Event: 2.504 Thread 0x00000193a77bd510 Thread exited: 0x00000193a77bd510
Event: 2.528 Thread 0x00000193acd4d950 Thread added: 0x00000193acd4d950
Event: 2.528 Thread 0x00000193acf601c0 Thread added: 0x00000193acf601c0


Dynamic libraries:
0x00007ff7d1a90000 - 0x00007ff7d1a9e000 	C:\Users\PC\.jdks\openjdk-20\bin\java.exe
0x00007ffa35fd0000 - 0x00007ffa361c8000 	C:\Windows\SYSTEM32\ntdll.dll
0x00007ffa35950000 - 0x00007ffa35a0f000 	C:\Windows\System32\KERNEL32.DLL
0x00007ffa338e0000 - 0x00007ffa33bb2000 	C:\Windows\System32\KERNELBASE.dll
0x00007ffa33c50000 - 0x00007ffa33d50000 	C:\Windows\System32\ucrtbase.dll
0x00007ffa0e0e0000 - 0x00007ffa0e0fb000 	C:\Users\PC\.jdks\openjdk-20\bin\VCRUNTIME140.dll
0x00007ffa2f180000 - 0x00007ffa2f197000 	C:\Users\PC\.jdks\openjdk-20\bin\jli.dll
0x00007ffa34020000 - 0x00007ffa341c1000 	C:\Windows\System32\USER32.dll
0x00007ffa23780000 - 0x00007ffa23a1a000 	C:\Windows\WinSxS\amd64_microsoft.windows.common-controls_6595b64144ccf1df_6.0.19041.1110_none_60b5254171f9507e\COMCTL32.dll
0x00007ffa33700000 - 0x00007ffa33722000 	C:\Windows\System32\win32u.dll
0x00007ffa35ab0000 - 0x00007ffa35b4e000 	C:\Windows\System32\msvcrt.dll
0x00007ffa35350000 - 0x00007ffa3537b000 	C:\Windows\System32\GDI32.dll
0x00007ffa33730000 - 0x00007ffa3383f000 	C:\Windows\System32\gdi32full.dll
0x00007ffa33840000 - 0x00007ffa338dd000 	C:\Windows\System32\msvcp_win.dll
0x00007ffa35a10000 - 0x00007ffa35a40000 	C:\Windows\System32\IMM32.DLL
0x00007ffa2f170000 - 0x00007ffa2f17c000 	C:\Users\PC\.jdks\openjdk-20\bin\vcruntime140_1.dll
0x00007ff9f1f10000 - 0x00007ff9f1f9e000 	C:\Users\PC\.jdks\openjdk-20\bin\msvcp140.dll
0x00007ff9aca90000 - 0x00007ff9ad727000 	C:\Users\PC\.jdks\openjdk-20\bin\server\jvm.dll
0x00007ffa35c60000 - 0x00007ffa35d0e000 	C:\Windows\System32\ADVAPI32.dll
0x00007ffa35540000 - 0x00007ffa355dc000 	C:\Windows\System32\sechost.dll
0x00007ffa35d70000 - 0x00007ffa35e94000 	C:\Windows\System32\RPCRT4.dll
0x00007ffa23420000 - 0x00007ffa23429000 	C:\Windows\SYSTEM32\WSOCK32.dll
0x00007ffa23d70000 - 0x00007ffa23d97000 	C:\Windows\SYSTEM32\WINMM.dll
0x00007ffa2d4b0000 - 0x00007ffa2d4ba000 	C:\Windows\SYSTEM32\VERSION.dll
0x00007ffa35a40000 - 0x00007ffa35aab000 	C:\Windows\System32\WS2_32.dll
0x00007ffa31550000 - 0x00007ffa31562000 	C:\Windows\SYSTEM32\kernel.appcore.dll
0x00007ffa2f050000 - 0x00007ffa2f05a000 	C:\Users\PC\.jdks\openjdk-20\bin\jimage.dll
0x0000000066190000 - 0x0000000066326000 	C:\Program Files\Microsoft SQL Server\110\Shared\DBGHELP.DLL
0x00007ffa045a0000 - 0x00007ffa045ae000 	C:\Users\PC\.jdks\openjdk-20\bin\instrument.dll
0x00007ffa0e020000 - 0x00007ffa0e046000 	C:\Users\PC\.jdks\openjdk-20\bin\java.dll
0x00007ff9efc60000 - 0x00007ff9efd37000 	C:\Users\PC\.jdks\openjdk-20\bin\jsvml.dll
0x00007ffa341e0000 - 0x00007ffa34925000 	C:\Windows\System32\SHELL32.dll
0x00007ffa31750000 - 0x00007ffa31ee2000 	C:\Windows\SYSTEM32\windows.storage.dll
0x00007ffa34a60000 - 0x00007ffa34db5000 	C:\Windows\System32\combase.dll
0x00007ffa33050000 - 0x00007ffa33080000 	C:\Windows\SYSTEM32\Wldp.dll
0x00007ffa35410000 - 0x00007ffa354bd000 	C:\Windows\System32\SHCORE.dll
0x00007ffa35d10000 - 0x00007ffa35d65000 	C:\Windows\System32\shlwapi.dll
0x00007ffa33610000 - 0x00007ffa3362f000 	C:\Windows\SYSTEM32\profapi.dll
0x00007ffa03f00000 - 0x00007ffa03f18000 	C:\Users\PC\.jdks\openjdk-20\bin\zip.dll
0x00007ffa0dfd0000 - 0x00007ffa0dfe3000 	C:\Users\PC\.jdks\openjdk-20\bin\net.dll
0x00007ffa2a2d0000 - 0x00007ffa2a3da000 	C:\Windows\SYSTEM32\WINHTTP.dll
0x00007ffa32dc0000 - 0x00007ffa32e2a000 	C:\Windows\system32\mswsock.dll
0x00007ffa0dfb0000 - 0x00007ffa0dfc6000 	C:\Users\PC\.jdks\openjdk-20\bin\nio.dll
0x00007ffa03460000 - 0x00007ffa0347a000 	C:\Program Files\JetBrains\IntelliJ IDEA Community Edition 2022.3.2\bin\breakgen64.dll
0x00007ffa03d20000 - 0x00007ffa03d27000 	C:\Users\PC\.jdks\openjdk-20\bin\extnet.dll
0x00007ffa03d50000 - 0x00007ffa03d5a000 	C:\Users\PC\.jdks\openjdk-20\bin\management.dll
0x00007ffa03d40000 - 0x00007ffa03d4b000 	C:\Users\PC\.jdks\openjdk-20\bin\management_ext.dll
0x00007ffa341d0000 - 0x00007ffa341d8000 	C:\Windows\System32\PSAPI.DLL
0x00007ffa03da0000 - 0x00007ffa03db0000 	C:\Users\PC\.jdks\openjdk-20\bin\verify.dll

dbghelp: loaded successfully - version: 4.0.5 - missing functions: none
symbol engine: initialized successfully - sym options: 0x614 - pdb path: .;C:\Users\PC\.jdks\openjdk-20\bin;C:\Windows\SYSTEM32;C:\Windows\WinSxS\amd64_microsoft.windows.common-controls_6595b64144ccf1df_6.0.19041.1110_none_60b5254171f9507e;C:\Users\PC\.jdks\openjdk-20\bin\server;C:\Program Files\Microsoft SQL Server\110\Shared;C:\Program Files\JetBrains\IntelliJ IDEA Community Edition 2022.3.2\bin

VM Arguments:
jvm_args: -javaagent:C:\Program Files\JetBrains\IntelliJ IDEA Community Edition 2022.3.2\lib\idea_rt.jar=53022:C:\Program Files\JetBrains\IntelliJ IDEA Community Edition 2022.3.2\bin -Dfile.encoding=UTF-8 -Dsun.stdout.encoding=UTF-8 -Dsun.stderr.encoding=UTF-8 
java_command: com.example.booktopia.BooktopiaApplication
java_class_path (initial): D:\booktopia\target\classes;C:\Users\PC\.m2\repository\org\springframework\boot\spring-boot-starter\3.0.5\spring-boot-starter-3.0.5.jar;C:\Users\PC\.m2\repository\org\springframework\boot\spring-boot\3.0.5\spring-boot-3.0.5.jar;C:\Users\PC\.m2\repository\org\springframework\spring-context\6.0.7\spring-context-6.0.7.jar;C:\Users\PC\.m2\repository\org\springframework\spring-expression\6.0.7\spring-expression-6.0.7.jar;C:\Users\PC\.m2\repository\org\springframework\boot\spring-boot-autoconfigure\3.0.5\spring-boot-autoconfigure-3.0.5.jar;C:\Users\PC\.m2\repository\org\springframework\boot\spring-boot-starter-logging\3.0.5\spring-boot-starter-logging-3.0.5.jar;C:\Users\PC\.m2\repository\ch\qos\logback\logback-classic\1.4.6\logback-classic-1.4.6.jar;C:\Users\PC\.m2\repository\ch\qos\logback\logback-core\1.4.6\logback-core-1.4.6.jar;C:\Users\PC\.m2\repository\org\apache\logging\log4j\log4j-to-slf4j\2.19.0\log4j-to-slf4j-2.19.0.jar;C:\Users\PC\.m2\repository\org\apache\logging\log4j\log4j-api\2.19.0\log4j-api-2.19.0.jar;C:\Users\PC\.m2\repository\org\slf4j\jul-to-slf4j\2.0.7\jul-to-slf4j-2.0.7.jar;C:\Users\PC\.m2\repository\jakarta\annotation\jakarta.annotation-api\2.1.1\jakarta.annotation-api-2.1.1.jar;C:\Users\PC\.m2\repository\org\springframework\spring-core\6.0.7\spring-core-6.0.7.jar;C:\Users\PC\.m2\repository\org\springframework\spring-jcl\6.0.7\spring-jcl-6.0.7.jar;C:\Users\PC\.m2\repository\org\yaml\snakeyaml\1.33\snakeyaml-1.33.jar;C:\Users\PC\.m2\repository\org\slf4j\slf4j-api\2.0.7\slf4j-api-2.0.7.jar;C:\Users\PC\.m2\repository\jakarta\xml\bind\jakarta.xml.bind-api\4.0.0\jakarta.xml.bind-api-4.0.0.jar;C:\Users\PC\.m2\repository\jakarta\activation\jakarta.activation-api\2.1.1\jakarta.activation-api-2.1.1.jar;C:\Users\PC\.m2\repository\net\bytebuddy\byte-buddy\1.12.23\byte-buddy-1.12.23.jar;C:\Users\PC\.m2\repository\org\springframework\boot\spring-boot-starter-data-jpa\3.0.5\spring-boot-starter-data-jpa-3.0.5.jar;C:\Users\PC\.m2\repository\org\springframework\boot\spring-boot-starter-aop\3.0.5\spring-boot-starter-aop-3.0.5.jar;C:\Users\PC\.m2\repository\org\springframework\spring-aop\6.0.7\spring-aop-6.0.7.jar;C:\Users\PC\.m2\repository\org\aspectj\aspectjweaver\1.9.19\aspectjweaver-1.9.19.jar;C:\Users\PC\.m2\repository\org\springframework\boot\spring-boot-starter-jdbc\3.0.5\spring-boot-starter-jdbc-3.0.5.jar;C:\Users\PC\.m2\repository\com\zaxxer\HikariCP\5.0.1\HikariCP-5.0.1.jar;C:\Users\PC\.m2\repository\org\springframework\spring-jdbc\6.0.7\spring-jdbc-6.0.7.jar;C:\Users\PC\.m2\repository\org\hibernate\orm\hibernate-core\6.1.7.Final\hibernate-core-6.1.7.Final.jar;C:\Users\PC\.m2\repository\jakarta\persistence\jakarta.persistence-api\3.1.0\jakarta.persistence-api-3.1.0.jar;C:\Users\PC\.m2\repository\jakarta\transaction\jakarta.transaction-api\2.0.1\jakarta.transaction-api-2.0.1.jar;C:\Users\PC\.m2\repository\org\jboss\logging\jboss-logging\3.5.0.Final\jboss-logging-3.5.0.Final.jar;C:\Users\PC\.m2\repository\org\hibernate\common\hibernate-commons-annotations\6.0.6.Final\hibernate-commons-annotations-6.0.6.Final.jar;C:\Users\PC\.m2\repository\org\jboss\jandex\2.4.2.Final\jandex-2.4.2.Final.jar;C:\Users\PC\.m2\repository\com\fasterxml\classmate\1.5.1\classmate-1.5.1.jar;C:\Users\PC\.m2\repository\org\glassfish\jaxb\jaxb-runtime\4.0.2\jaxb-runtime-4.0.2.jar;C:\Users\PC\.m2\repository\org\glassfish\jaxb\jaxb-core\4.0.2\jaxb-core-4.0.2.jar;C:\Users\PC\.m2\repository\org\glassfish\jaxb\txw2\4.0.2\txw2-4.0.2.jar;C:\Users\PC\.m2\repository\com\sun\istack\istack-commons-runtime\4.1.1\istack-commons-runtime-4.1.1.jar;C:\Users\PC\.m2\repository\jakarta\inject\jakarta.inject-api\2.0.0\jakarta.inject-api-2.0.0.jar;C:\Users\PC\.m2\repository\org\antlr\antlr4-runtime\4.10.1\antlr4-runtime-4.10.1.jar;C:\Users\PC\.m2\repository\org\springframework\data\spring-data-jpa\3.0.4\spring-data-jpa-3.0.4.jar;C:\Users\PC\.m2\repository\org\springframework\data\spring-data-commons\3.0.4\spring-data-commons-3.0.4.jar;C:\Users\PC\.m2\repository\org\springframework\spring-orm\6.0.7\spring-orm-6.0.7.jar;C:\Users\PC\.m2\repository\org\springframework\spring-tx\6.0.7\spring-tx-6.0.7.jar;C:\Users\PC\.m2\repository\org\springframework\spring-beans\6.0.7\spring-beans-6.0.7.jar;C:\Users\PC\.m2\repository\org\springframework\spring-aspects\6.0.7\spring-aspects-6.0.7.jar;C:\Users\PC\.m2\repository\com\mysql\mysql-connector-j\8.0.32\mysql-connector-j-8.0.32.jar;C:\Users\PC\.m2\repository\org\springframework\boot\spring-boot-starter-web-services\3.0.5\spring-boot-starter-web-services-3.0.5.jar;C:\Users\PC\.m2\repository\org\springframework\boot\spring-boot-starter-web\3.0.5\spring-boot-starter-web-3.0.5.jar;C:\Users\PC\.m2\repository\org\springframework\boot\spring-boot-starter-json\3.0.5\spring-boot-starter-json-3.0.5.jar;C:\Users\PC\.m2\repository\com\fasterxml\jackson\core\jackson-databind\2.14.2\jackson-databind-2.14.2.jar;C:\Users\PC\.m2\repository\com\fasterxml\jackson\core\jackson-annotations\2.14.2\jackson-annotations-2.14.2.jar;C:\Users\PC\.m2\repository\com\fasterxml\jackson\core\jackson-core\2.14.2\jackson-core-2.14.2.jar;C:\Users\PC\.m2\repository\com\fasterxml\jackson\datatype\jackson-datatype-jdk8\2.14.2\jackson-datatype-jdk8-2.14.2.jar;C:\Users\PC\.m2\repository\com\fasterxml\jackson\datatype\jackson-datatype-jsr310\2.14.2\jackson-datatype-jsr310-2.14.2.jar;C:\Users\PC\.m2\repository\com\fasterxml\jackson\module\jackson-module-parameter-names\2.14.2\jackson-module-parameter-names-2.14.2.jar;C:\Users\PC\.m2\repository\org\springframework\boot\spring-boot-starter-tomcat\3.0.5\spring-boot-starter-tomcat-3.0.5.jar;C:\Users\PC\.m2\repository\org\apache\tomcat\embed\tomcat-embed-websocket\10.1.7\tomcat-embed-websocket-10.1.7.jar;C:\Users\PC\.m2\repository\org\springframework\spring-web\6.0.7\spring-web-6.0.7.jar;C:\Users\PC\.m2\repository\io\micrometer\micrometer-observation\1.10.5\micrometer-observation-1.10.5.jar;C:\Users\PC\.m2\repository\io\micrometer\micrometer-commons\1.10.5\micrometer-commons-1.10.5.jar;C:\Users\PC\.m2\repository\org\springframework\spring-webmvc\6.0.7\spring-webmvc-6.0.7.jar;C:\Users\PC\.m2\repository\com\sun\xml\messaging\saaj\saaj-impl\3.0.0\saaj-impl-3.0.0.jar;C:\Users\PC\.m2\repository\jakarta\xml\soap\jakarta.xml.soap-api\3.0.0\jakarta.xml.soap-api-3.0.0.jar;C:\Users\PC\.m2\repository\org\jvnet\staxex\stax-ex\2.1.0\stax-ex-2.1.0.jar;C:\Users\PC\.m2\repository\org\eclipse\angus\angus-activation\2.0.0\angus-activation-2.0.0.jar;C:\Users\PC\.m2\repository\jakarta\xml\ws\jakarta.xml.ws-api\4.0.0\jakarta.xml.ws-api-4.0.0.jar;C:\Users\PC\.m2\repository\org\springframework\spring-oxm\6.0.7\spring-oxm-6.0.7.jar;C:\Users\PC\.m2\repository\org\springframework\ws\spring-ws-core\4.0.2\spring-ws-core-4.0.2.jar;C:\Users\PC\.m2\repository\org\springframework\ws\spring-xml\4.0.2\spring-xml-4.0.2.jar;C:\Users\PC\.m2\repository\org\springframework\boot\spring-boot-devtools\3.0.5\spring-boot-devtools-3.0.5.jar;C:\Users\PC\.m2\repository\org\apache\tomcat\embed\tomcat-embed-jasper\10.1.7\tomcat-embed-jasper-10.1.7.jar;C:\Users\PC\.m2\repository\org\apache\tomcat\embed\tomcat-embed-core\10.1.7\tomcat-embed-core-10.1.7.jar;C:\Users\PC\.m2\repository\org\apache\tomcat\tomcat-annotations-api\10.1.7\tomcat-annotations-api-10.1.7.jar;C:\Users\PC\.m2\repository\org\apache\tomcat\embed\tomcat-embed-el\10.1.7\tomcat-embed-el-10.1.7.jar;C:\Users\PC\.m2\repository\org\eclipse\jdt\ecj\3.32.0\ecj-3.32.0.jar;C:\Users\PC\.m2\repository\jakarta\servlet\jsp\jstl\jakarta.servlet.jsp.jstl-api\3.0.0\jakarta.servlet.jsp.jstl-api-3.0.0.jar;C:\Users\PC\.m2\repository\jakarta\servlet\jakarta.servlet-api\6.0.0\jakarta.servlet-api-6.0.0.jar;C:\Users\PC\.m2\repository\jakarta\el\jakarta.el-api\5.0.0\jakarta.el-api-5.0.0.jar;C:\Users\PC\.m2\repository\org\glassfish\web\jakarta.servlet.jsp.jstl\3.0.1\jakarta.servlet.jsp.jstl-3.0.1.jar
Launcher Type: SUN_STANDARD

[Global flags]
     intx CICompilerCount                          = 4                                         {product} {ergonomic}
     uint ConcGCThreads                            = 2                                         {product} {ergonomic}
     uint G1ConcRefinementThreads                  = 8                                         {product} {ergonomic}
   size_t G1HeapRegionSize                         = 1048576                                   {product} {ergonomic}
    uintx GCDrainStackTargetSize                   = 64                                        {product} {ergonomic}
   size_t InitialHeapSize                          = 132120576                                 {product} {ergonomic}
   size_t MarkStackSize                            = 4194304                                   {product} {ergonomic}
   size_t MaxHeapSize                              = 2107637760                                {product} {ergonomic}
   size_t MaxNewSize                               = 1264582656                                {product} {ergonomic}
   size_t MinHeapDeltaBytes                        = 1048576                                   {product} {ergonomic}
   size_t MinHeapSize                              = 8388608                                   {product} {ergonomic}
    uintx NonNMethodCodeHeapSize                   = 5839372                                {pd product} {ergonomic}
    uintx NonProfiledCodeHeapSize                  = 122909434                              {pd product} {ergonomic}
    uintx ProfiledCodeHeapSize                     = 122909434                              {pd product} {ergonomic}
    uintx ReservedCodeCacheSize                    = 251658240                              {pd product} {ergonomic}
     bool SegmentedCodeCache                       = true                                      {product} {ergonomic}
   size_t SoftMaxHeapSize                          = 2107637760                             {manageable} {ergonomic}
     bool UseCompressedClassPointers               = true                           {product lp64_product} {ergonomic}
     bool UseCompressedOops                        = true                           {product lp64_product} {ergonomic}
     bool UseG1GC                                  = true                                      {product} {ergonomic}
     bool UseLargePagesIndividualAllocation        = false                                  {pd product} {ergonomic}

Logging:
Log output configuration:
 #0: stdout all=warning uptime,level,tags foldmultilines=false
 #1: stderr all=off uptime,level,tags foldmultilines=false

Environment Variables:
JAVA_HOME=C:\Program Files\Java\jdk-17
PATH=C:\Program Files (x86)\Common Files\Oracle\Java\javapath;C:\Program Files\Common Files\Oracle\Java\javapath;C:\Program Files\Maven\apache-maven-3.9.0\bin;C:\Windows\System32\WindowsPowerShell\v1.0\;C:\Windows\system32;C:\Program Files (x86)\VMware\VMware Workstation\bin\;C:\Python310\Scripts\;C:\Python310\;D:\app\oracle\product\11.2.0\server\bin;C:\oraclexe\app\oracle\product\11.2.0\server\bin;C:\Windows;C:\Windows\System32\Wbem;C:\Windows\System32\OpenSSH\;c:\Program Files (x86)\Microsoft SQL Server\110\Tools\Binn\;c:\Program Files\Microsoft SQL Server\110\Tools\Binn\;c:\Program Files\Microsoft SQL Server\110\DTS\Binn\;c:\Program Files (x86)\Microsoft SQL Server\110\Tools\Binn\ManagementStudio\;c:\Program Files (x86)\Microsoft SQL Server\110\DTS\Binn\;C:\Program Files\Microsoft\Web Platform Installer\;C:\Program Files (x86)\Microsoft ASP.NET\ASP.NET Web Pages\v1.0\;C:\Program Files\Microsoft SQL Server\150\Tools\Binn\;C:\wamp64\bin\php\php7.4.26;C:\ProgramData\chocolatey\bin;C:\bin;C:\Program Files\Microsoft SQL Server\Client SDK\ODBC\170\Tools\Binn\;C:\Program Files\nodejs\;C:\Program Files\Azure Data Studio\bin;C:\Program Files (x86)\Microsoft SQL Server\150\Tools\Binn\;C:\Program Files\Microsoft SQL Server\150\DTS\Binn\;C:\Program Files (x86)\Microsoft SQL Server\150\DTS\Binn\;C:\Program Files\Git\cmd;C:\wamp64\bin\php\php7.4.33;C:\wamp64\bin\php\php8.0.26;C:\Program Files\Java\jdk-17;C:\Program Files\dotnet\;C:\Users\PC\AppData\Local\Microsoft\WindowsApps;C:\Users\PC\.dotnet\tools;C:\Program Files\JetBrains\IntelliJ IDEA Community Edition 2021.3\bin;;C:\Users\PC\AppData\Local\Programs\Microsoft VS Code\bin;C:\Users\PC\AppData\Roaming\npm;C:\Program Files\Azure Data Studio\bin;D:\Flutter\bin;
USERNAME=PC
OS=Windows_NT
PROCESSOR_IDENTIFIER=Intel64 Family 6 Model 158 Stepping 10, GenuineIntel
TMP=C:\Users\PC\AppData\Local\Temp
TEMP=C:\Users\PC\AppData\Local\Temp




---------------  S Y S T E M  ---------------

OS:
 Windows 10 , 64 bit Build 19041 (10.0.19041.2546)
OS uptime: 0 days 5:31 hours
Hyper-V role detected

CPU: total 8 (initial active 8) (4 cores per cpu, 2 threads per core) family 6 model 158 stepping 10 microcode 0xcc, cx8, cmov, fxsr, ht, mmx, 3dnowpref, sse, sse2, sse3, ssse3, sse4.1, sse4.2, popcnt, lzcnt, tsc, tscinvbit, avx, avx2, aes, erms, clmul, bmi1, bmi2, adx, fma, vzeroupper, clflush, clflushopt, hv, rdtscp, f16c

Memory: 4k page, system-wide physical 8032M (929M free)
TotalPageFile size 10963M (AvailPageFile size 2M)
current process WorkingSet (physical memory assigned to process): 143M, peak: 143M
current process commit charge ("private bytes"): 271M, peak: 272M

vm_info: OpenJDK 64-Bit Server VM (20+36-2344) for windows-amd64 JRE (20+36-2344), built on 2023-02-10T19:30:15Z by "mach5one" with MS VC++ 17.1 (VS2022)

END.
